{"level":"info","message":"Cron jobs setup completed","timestamp":"2025-04-23 23:18:45"}
{"level":"info","message":"Server running in development mode on port 5000","timestamp":"2025-04-23 23:18:45"}
{"level":"error","message":"Error in cron job: Operation `scantasks.find()` buffering timed out after 10000ms","timestamp":"2025-04-23 23:19:10"}
{"level":"error","message":"Error connecting to MongoDB: Could not connect to any servers in your MongoDB Atlas cluster. One common reason is that you're trying to access the database from an IP that isn't whitelisted. Make sure your current IP address is on your Atlas cluster's IP whitelist: https://www.mongodb.com/docs/atlas/security-whitelist/","timestamp":"2025-04-23 23:19:15"}
{"level":"info","message":"Cron jobs setup completed","timestamp":"2025-04-23 23:21:24"}
{"level":"info","message":"Server running in development mode on port 5000","timestamp":"2025-04-23 23:21:24"}
{"level":"info","message":"MongoDB Connected: ac-jbsg7zy-shard-00-00.l6a4mnv.mongodb.net","timestamp":"2025-04-23 23:21:25"}
{"level":"info","message":"Cron jobs setup completed","timestamp":"2025-04-23 23:57:52"}
{"level":"info","message":"Server running in development mode on port 5000","timestamp":"2025-04-23 23:57:52"}
{"level":"info","message":"MongoDB Connected: ac-jbsg7zy-shard-00-00.l6a4mnv.mongodb.net","timestamp":"2025-04-23 23:57:53"}
{"level":"error","message":"CastError: Cast to ObjectId failed for value \"active\" (type string) at path \"_id\" for model \"ScanTask\"\n    at model.Query.exec (D:\\Workspace\\My Project\\facebook-auto-commenter\\server\\node_modules\\mongoose\\lib\\query.js:4921:21)\n    at Query.then (D:\\Workspace\\My Project\\facebook-auto-commenter\\server\\node_modules\\mongoose\\lib\\query.js:5020:15)\n    at process.processTicksAndRejections (node:internal/process/task_queues:105:5)","timestamp":"2025-04-23 23:59:14"}
{"level":"error","message":"CastError: Cast to ObjectId failed for value \"active\" (type string) at path \"_id\" for model \"ScanTask\"\n    at model.Query.exec (D:\\Workspace\\My Project\\facebook-auto-commenter\\server\\node_modules\\mongoose\\lib\\query.js:4921:21)\n    at Query.then (D:\\Workspace\\My Project\\facebook-auto-commenter\\server\\node_modules\\mongoose\\lib\\query.js:5020:15)\n    at process.processTicksAndRejections (node:internal/process/task_queues:105:5)","timestamp":"2025-04-23 23:59:18"}
{"level":"error","message":"CastError: Cast to ObjectId failed for value \"active\" (type string) at path \"_id\" for model \"ScanTask\"\n    at model.Query.exec (D:\\Workspace\\My Project\\facebook-auto-commenter\\server\\node_modules\\mongoose\\lib\\query.js:4921:21)\n    at Query.then (D:\\Workspace\\My Project\\facebook-auto-commenter\\server\\node_modules\\mongoose\\lib\\query.js:5020:15)\n    at process.processTicksAndRejections (node:internal/process/task_queues:105:5)","timestamp":"2025-04-23 23:59:28"}
{"level":"error","message":"CastError: Cast to ObjectId failed for value \"active\" (type string) at path \"_id\" for model \"ScanTask\"\n    at model.Query.exec (D:\\Workspace\\My Project\\facebook-auto-commenter\\server\\node_modules\\mongoose\\lib\\query.js:4921:21)\n    at Query.then (D:\\Workspace\\My Project\\facebook-auto-commenter\\server\\node_modules\\mongoose\\lib\\query.js:5020:15)\n    at process.processTicksAndRejections (node:internal/process/task_queues:105:5)","timestamp":"2025-04-23 23:59:29"}
{"level":"error","message":"CastError: Cast to ObjectId failed for value \"active\" (type string) at path \"_id\" for model \"ScanTask\"\n    at model.Query.exec (D:\\Workspace\\My Project\\facebook-auto-commenter\\server\\node_modules\\mongoose\\lib\\query.js:4921:21)\n    at Query.then (D:\\Workspace\\My Project\\facebook-auto-commenter\\server\\node_modules\\mongoose\\lib\\query.js:5020:15)\n    at process.processTicksAndRejections (node:internal/process/task_queues:105:5)","timestamp":"2025-04-23 23:59:39"}
{"level":"error","message":"CastError: Cast to ObjectId failed for value \"active\" (type string) at path \"_id\" for model \"ScanTask\"\n    at model.Query.exec (D:\\Workspace\\My Project\\facebook-auto-commenter\\server\\node_modules\\mongoose\\lib\\query.js:4921:21)\n    at Query.then (D:\\Workspace\\My Project\\facebook-auto-commenter\\server\\node_modules\\mongoose\\lib\\query.js:5020:15)\n    at process.processTicksAndRejections (node:internal/process/task_queues:105:5)","timestamp":"2025-04-23 23:59:40"}
{"level":"error","message":"CastError: Cast to ObjectId failed for value \"active\" (type string) at path \"_id\" for model \"ScanTask\"\n    at model.Query.exec (D:\\Workspace\\My Project\\facebook-auto-commenter\\server\\node_modules\\mongoose\\lib\\query.js:4921:21)\n    at Query.then (D:\\Workspace\\My Project\\facebook-auto-commenter\\server\\node_modules\\mongoose\\lib\\query.js:5020:15)\n    at process.processTicksAndRejections (node:internal/process/task_queues:105:5)","timestamp":"2025-04-23 23:59:44"}
{"level":"error","message":"CastError: Cast to ObjectId failed for value \"active\" (type string) at path \"_id\" for model \"ScanTask\"\n    at model.Query.exec (D:\\Workspace\\My Project\\facebook-auto-commenter\\server\\node_modules\\mongoose\\lib\\query.js:4921:21)\n    at Query.then (D:\\Workspace\\My Project\\facebook-auto-commenter\\server\\node_modules\\mongoose\\lib\\query.js:5020:15)\n    at process.processTicksAndRejections (node:internal/process/task_queues:105:5)","timestamp":"2025-04-23 23:59:46"}
{"level":"error","message":"CastError: Cast to ObjectId failed for value \"active\" (type string) at path \"_id\" for model \"ScanTask\"\n    at model.Query.exec (D:\\Workspace\\My Project\\facebook-auto-commenter\\server\\node_modules\\mongoose\\lib\\query.js:4921:21)\n    at Query.then (D:\\Workspace\\My Project\\facebook-auto-commenter\\server\\node_modules\\mongoose\\lib\\query.js:5020:15)\n    at process.processTicksAndRejections (node:internal/process/task_queues:105:5)","timestamp":"2025-04-23 23:59:48"}
{"level":"error","message":"CastError: Cast to ObjectId failed for value \"active\" (type string) at path \"_id\" for model \"ScanTask\"\n    at model.Query.exec (D:\\Workspace\\My Project\\facebook-auto-commenter\\server\\node_modules\\mongoose\\lib\\query.js:4921:21)\n    at Query.then (D:\\Workspace\\My Project\\facebook-auto-commenter\\server\\node_modules\\mongoose\\lib\\query.js:5020:15)\n    at process.processTicksAndRejections (node:internal/process/task_queues:105:5)","timestamp":"2025-04-23 23:59:50"}
{"level":"error","message":"CastError: Cast to ObjectId failed for value \"active\" (type string) at path \"_id\" for model \"ScanTask\"\n    at model.Query.exec (D:\\Workspace\\My Project\\facebook-auto-commenter\\server\\node_modules\\mongoose\\lib\\query.js:4921:21)\n    at Query.then (D:\\Workspace\\My Project\\facebook-auto-commenter\\server\\node_modules\\mongoose\\lib\\query.js:5020:15)\n    at process.processTicksAndRejections (node:internal/process/task_queues:105:5)","timestamp":"2025-04-23 23:59:53"}
{"level":"error","message":"CastError: Cast to ObjectId failed for value \"active\" (type string) at path \"_id\" for model \"ScanTask\"\n    at model.Query.exec (D:\\Workspace\\My Project\\facebook-auto-commenter\\server\\node_modules\\mongoose\\lib\\query.js:4921:21)\n    at Query.then (D:\\Workspace\\My Project\\facebook-auto-commenter\\server\\node_modules\\mongoose\\lib\\query.js:5020:15)\n    at process.processTicksAndRejections (node:internal/process/task_queues:105:5)","timestamp":"2025-04-23 23:59:55"}
{"level":"error","message":"CastError: Cast to ObjectId failed for value \"active\" (type string) at path \"_id\" for model \"ScanTask\"\n    at model.Query.exec (D:\\Workspace\\My Project\\facebook-auto-commenter\\server\\node_modules\\mongoose\\lib\\query.js:4921:21)\n    at Query.then (D:\\Workspace\\My Project\\facebook-auto-commenter\\server\\node_modules\\mongoose\\lib\\query.js:5020:15)\n    at process.processTicksAndRejections (node:internal/process/task_queues:105:5)","timestamp":"2025-04-23 23:59:57"}
{"level":"error","message":"CastError: Cast to ObjectId failed for value \"active\" (type string) at path \"_id\" for model \"ScanTask\"\n    at model.Query.exec (D:\\Workspace\\My Project\\facebook-auto-commenter\\server\\node_modules\\mongoose\\lib\\query.js:4921:21)\n    at Query.then (D:\\Workspace\\My Project\\facebook-auto-commenter\\server\\node_modules\\mongoose\\lib\\query.js:5020:15)\n    at process.processTicksAndRejections (node:internal/process/task_queues:105:5)","timestamp":"2025-04-24 00:00:00"}
{"level":"info","message":"Deleted 0 old comments for user 6809181b32aa83c23a4f26a8","timestamp":"2025-04-24 00:00:00"}
{"level":"error","message":"CastError: Cast to ObjectId failed for value \"active\" (type string) at path \"_id\" for model \"ScanTask\"\n    at model.Query.exec (D:\\Workspace\\My Project\\facebook-auto-commenter\\server\\node_modules\\mongoose\\lib\\query.js:4921:21)\n    at Query.then (D:\\Workspace\\My Project\\facebook-auto-commenter\\server\\node_modules\\mongoose\\lib\\query.js:5020:15)\n    at process.processTicksAndRejections (node:internal/process/task_queues:105:5)","timestamp":"2025-04-24 00:00:01"}
{"level":"error","message":"CastError: Cast to ObjectId failed for value \"active\" (type string) at path \"_id\" for model \"ScanTask\"\n    at model.Query.exec (D:\\Workspace\\My Project\\facebook-auto-commenter\\server\\node_modules\\mongoose\\lib\\query.js:4921:21)\n    at Query.then (D:\\Workspace\\My Project\\facebook-auto-commenter\\server\\node_modules\\mongoose\\lib\\query.js:5020:15)\n    at process.processTicksAndRejections (node:internal/process/task_queues:105:5)","timestamp":"2025-04-24 00:00:16"}
{"level":"error","message":"CastError: Cast to ObjectId failed for value \"active\" (type string) at path \"_id\" for model \"ScanTask\"\n    at model.Query.exec (D:\\Workspace\\My Project\\facebook-auto-commenter\\server\\node_modules\\mongoose\\lib\\query.js:4921:21)\n    at Query.then (D:\\Workspace\\My Project\\facebook-auto-commenter\\server\\node_modules\\mongoose\\lib\\query.js:5020:15)\n    at process.processTicksAndRejections (node:internal/process/task_queues:105:5)","timestamp":"2025-04-24 00:00:17"}
{"level":"error","message":"CastError: Cast to ObjectId failed for value \"active\" (type string) at path \"_id\" for model \"ScanTask\"\n    at model.Query.exec (D:\\Workspace\\My Project\\facebook-auto-commenter\\server\\node_modules\\mongoose\\lib\\query.js:4921:21)\n    at Query.then (D:\\Workspace\\My Project\\facebook-auto-commenter\\server\\node_modules\\mongoose\\lib\\query.js:5020:15)\n    at process.processTicksAndRejections (node:internal/process/task_queues:105:5)","timestamp":"2025-04-24 00:00:27"}
{"level":"error","message":"CastError: Cast to ObjectId failed for value \"active\" (type string) at path \"_id\" for model \"ScanTask\"\n    at model.Query.exec (D:\\Workspace\\My Project\\facebook-auto-commenter\\server\\node_modules\\mongoose\\lib\\query.js:4921:21)\n    at Query.then (D:\\Workspace\\My Project\\facebook-auto-commenter\\server\\node_modules\\mongoose\\lib\\query.js:5020:15)\n    at process.processTicksAndRejections (node:internal/process/task_queues:105:5)","timestamp":"2025-04-24 00:00:29"}
{"level":"error","message":"CastError: Cast to ObjectId failed for value \"active\" (type string) at path \"_id\" for model \"ScanTask\"\n    at model.Query.exec (D:\\Workspace\\My Project\\facebook-auto-commenter\\server\\node_modules\\mongoose\\lib\\query.js:4921:21)\n    at Query.then (D:\\Workspace\\My Project\\facebook-auto-commenter\\server\\node_modules\\mongoose\\lib\\query.js:5020:15)\n    at process.processTicksAndRejections (node:internal/process/task_queues:105:5)","timestamp":"2025-04-24 00:00:47"}
{"level":"error","message":"CastError: Cast to ObjectId failed for value \"active\" (type string) at path \"_id\" for model \"ScanTask\"\n    at model.Query.exec (D:\\Workspace\\My Project\\facebook-auto-commenter\\server\\node_modules\\mongoose\\lib\\query.js:4921:21)\n    at Query.then (D:\\Workspace\\My Project\\facebook-auto-commenter\\server\\node_modules\\mongoose\\lib\\query.js:5020:15)\n    at process.processTicksAndRejections (node:internal/process/task_queues:105:5)","timestamp":"2025-04-24 00:02:38"}
{"level":"info","message":"Cron jobs setup completed","timestamp":"2025-04-24 00:04:38"}
{"level":"info","message":"Server running in development mode on port 5000","timestamp":"2025-04-24 00:04:38"}
{"level":"info","message":"MongoDB Connected: ac-jbsg7zy-shard-00-00.l6a4mnv.mongodb.net","timestamp":"2025-04-24 00:04:38"}
{"level":"info","message":"Cron jobs setup completed","timestamp":"2025-04-24 00:17:27"}
{"level":"info","message":"Server running in development mode on port 5000","timestamp":"2025-04-24 00:17:27"}
{"level":"info","message":"MongoDB Connected: ac-jbsg7zy-shard-00-00.l6a4mnv.mongodb.net","timestamp":"2025-04-24 00:17:27"}
{"level":"info","message":"Cron jobs setup completed","timestamp":"2025-04-24 07:12:41"}
{"level":"info","message":"Server running in development mode on port 5000","timestamp":"2025-04-24 07:12:41"}
{"level":"info","message":"MongoDB Connected: ac-jbsg7zy-shard-00-00.l6a4mnv.mongodb.net","timestamp":"2025-04-24 07:12:42"}
{"level":"info","message":"Cron jobs setup completed","timestamp":"2025-04-24 09:35:43"}
{"level":"info","message":"Server running in development mode on port 5000","timestamp":"2025-04-24 09:35:43"}
{"level":"error","message":"Error in cron job: Operation `scantasks.find()` buffering timed out after 10000ms","timestamp":"2025-04-24 09:36:10"}
{"level":"error","message":"Error connecting to MongoDB: Could not connect to any servers in your MongoDB Atlas cluster. One common reason is that you're trying to access the database from an IP that isn't whitelisted. Make sure your current IP address is on your Atlas cluster's IP whitelist: https://www.mongodb.com/docs/atlas/security-whitelist/","timestamp":"2025-04-24 09:36:14"}
{"level":"info","message":"Cron jobs setup completed","timestamp":"2025-04-24 09:37:17"}
{"level":"info","message":"Server running in development mode on port 5000","timestamp":"2025-04-24 09:37:17"}
{"level":"info","message":"MongoDB Connected: ac-jbsg7zy-shard-00-00.l6a4mnv.mongodb.net","timestamp":"2025-04-24 09:37:18"}
